                      LOC 50
            DATA 5           ; vector length
                      LOC 100          ; vector A
            DATA 1
            DATA 2
            DATA 3
            DATA 4
            DATA 5
                      LOC 200          ; vector B
            DATA 0
            DATA 2
            DATA 4
            DATA 6
            DATA 8
                      LOC 300          ; store addresses of A and B
            DATA 100
            DATA 200
            LDFR 0,0,50
            VADD 0,0,300
                      LOC 400
            DATA 10
            DATA 3
            LDFR 0,0,400     ; FR0 = int 10
            FADD 0,0,401     ; FR0 = FR0 + 3
            STFR 0,0,402     ; Store FR0 result
            HLT
